<?xml version="1.0" encoding="UTF-8"?>
<testng-results ignored="0" total="2" passed="2" failed="0" skipped="0">
  <reporter-output>
  </reporter-output>
  <suite started-at="2024-12-04T05:59:09 IST" name="Default suite" finished-at="2024-12-04T05:59:09 IST" duration-ms="640">
    <groups>
    </groups>
    <test started-at="2024-12-04T05:59:09 IST" name="Default test" finished-at="2024-12-04T05:59:09 IST" duration-ms="640">
      <class name="ExcelDataDriven">
        <test-method signature="testlogin(java.lang.String,java.lang.String)[pri:0, instance:ExcelDataDriven@7714e963]" started-at="2024-12-04T05:59:09 IST" name="testlogin" data-provider="LoginTest" finished-at="2024-12-04T05:59:09 IST" duration-ms="3" status="PASS">
          <params>
            <param index="0">
              <value>
                <![CDATA[Rushikesh]]>
              </value>
            </param>
            <param index="1">
              <value>
                <![CDATA[Mithilesh@1234]]>
              </value>
            </param>
          </params>
          <reporter-output>
          </reporter-output>
        </test-method> <!-- testlogin -->
        <test-method signature="testlogin(java.lang.String,java.lang.String)[pri:0, instance:ExcelDataDriven@7714e963]" started-at="2024-12-04T05:59:09 IST" name="testlogin" data-provider="LoginTest" finished-at="2024-12-04T05:59:09 IST" duration-ms="1" status="PASS">
          <params>
            <param index="0">
              <value>
                <![CDATA[Sanket]]>
              </value>
            </param>
            <param index="1">
              <value>
                <![CDATA[Adity@1234]]>
              </value>
            </param>
          </params>
          <reporter-output>
          </reporter-output>
        </test-method> <!-- testlogin -->
      </class> <!-- ExcelDataDriven -->
    </test> <!-- Default test -->
  </suite> <!-- Default suite -->
</testng-results>
