<?xml version="1.0" encoding="UTF-8"?>
<!-- Generated by org.testng.reporters.JUnitXMLReporter -->
<testsuite ignored="0" hostname="Biz4sol-lpt33" failures="1" tests="4" name="SubmitOrder" time="71.708" errors="0" timestamp="2024-09-07T16:58:27 IST">
  <testcase classname="automation.TestCases.SubmitOrder" name="submitOrder" time="12.778"/>
  <testcase classname="automation.TestCases.SubmitOrder" name="submitOrder" time="12.708"/>
  <testcase classname="automation.TestCases.SubmitOrder" name="OrderHistory" time="7.475">
    <skipped/>
  </testcase> <!-- OrderHistory -->
  <testcase classname="automation.TestCases.SubmitOrder" name="OrderHistory" time="7.508">
    <failure type="java.lang.AssertionError" message="expected [true] but found [false]">
      <![CDATA[java.lang.AssertionError: expected [true] but found [false]
at automation.TestCases.SubmitOrder.OrderHistory(SubmitOrder.java:96)
at java.base/java.util.ArrayList.forEach(ArrayList.java:1511)
at java.base/java.util.concurrent.FutureTask.run(FutureTask.java:264)
at java.base/java.util.concurrent.ThreadPoolExecutor.runWorker(ThreadPoolExecutor.java:1136)
at java.base/java.util.concurrent.ThreadPoolExecutor$Worker.run(ThreadPoolExecutor.java:635)
at java.base/java.lang.Thread.run(Thread.java:840)
... Removed 22 stack frames]]>
    </failure>
  </testcase> <!-- OrderHistory -->
</testsuite> <!-- SubmitOrder -->
